<?xml version="1.0" encoding="UTF-8"?>
<!-- Generated by org.testng.reporters.JUnitReportReporter -->
<testsuite hostname="sunjian-HP" name="practicetwo.LaunchIE" tests="1" failures="0" timestamp="10 May 2014 13:01:40 GMT" time="6.433" errors="0">
  <testcase name="searchOnBaidu" time="6.433" classname="practicetwo.LaunchIE"/>
</testsuite> <!-- practicetwo.LaunchIE -->
