<?xml version="1.0" encoding="UTF-8"?>
<!-- Generated by org.testng.reporters.JUnitReportReporter -->
<testsuite hostname="User-PC" name="practicetwo.homework.MutipleBrowsers" tests="2" failures="0" timestamp="6 Jun 2016 14:03:53 GMT" time="32.443" errors="0">
  <testcase name="submodule2" time="18.909" classname="practicetwo.homework.MutipleBrowsers"/>
  <testcase name="submodule3" time="13.534" classname="practicetwo.homework.MutipleBrowsers"/>
</testsuite> <!-- practicetwo.homework.MutipleBrowsers -->
