<?xml version="1.0" encoding="UTF-8"?>
<!-- Generated by org.testng.reporters.JUnitReportReporter -->
<testsuite hostname="sunjian-HP" name="practicefive.TestCase" tests="1" failures="0" timestamp="24 May 2014 14:56:28 GMT" time="7.769" errors="0">
  <testcase name="dragAndDrop" time="7.769" classname="practicefive.TestCase"/>
</testsuite> <!-- practicefive.TestCase -->
