<?xml version="1.0" encoding="UTF-8"?>
<!-- Generated by org.testng.reporters.JUnitReportReporter -->
<testsuite hostname="User-PC" name="practicetwo.groups.Practice3OnTestng" tests="2" failures="0" timestamp="5 Jun 2016 11:34:40 GMT" time="0.007" errors="0">
  <testcase name="testSubModule3" time="0.000" classname="practicetwo.groups.Practice3OnTestng"/>
  <testcase name="testSubModule2" time="0.007" classname="practicetwo.groups.Practice3OnTestng"/>
</testsuite> <!-- practicetwo.groups.Practice3OnTestng -->
