<?xml version="1.0" encoding="UTF-8"?>
<!-- Generated by org.testng.reporters.JUnitReportReporter -->
<testsuite hostname="User-PC" name="practiceone.Practice1OnTestng" tests="2" failures="0" timestamp="5 Jun 2016 10:23:18 GMT" time="0.003" errors="0">
  <testcase name="test1" time="0.003" classname="practiceone.Practice1OnTestng"/>
  <testcase name="test2" time="0.000" classname="practiceone.Practice1OnTestng"/>
</testsuite> <!-- practiceone.Practice1OnTestng -->
