<?xml version="1.0" encoding="UTF-8"?>
<!-- Generated by org.testng.reporters.JUnitReportReporter -->
<testsuite hostname="User-PC" name="practicefour.Practice1OnTestNG" tests="1" failures="0" timestamp="6 Jun 2016 14:26:32 GMT" time="0.000" errors="0">
  <testcase name="test" time="0.000" classname="practicefour.Practice1OnTestNG"/>
</testsuite> <!-- practicefour.Practice1OnTestNG -->
