<?xml version="1.0" encoding="UTF-8"?>
<!-- Generated by org.testng.reporters.JUnitReportReporter -->
<testsuite hostname="sunjian-HP" name="practicefour.Practice2OnTestNG" tests="2" failures="0" timestamp="17 May 2014 13:15:35 GMT" time="52.036" errors="0">
  <testcase name="accessMail" time="24.410" classname="practicefour.Practice2OnTestNG"/>
  <testcase name="getUnReadMails" time="27.626" classname="practicefour.Practice2OnTestNG"/>
</testsuite> <!-- practicefour.Practice2OnTestNG -->
